Round 1
Group 0: 10:0.208791208791 11:0.241758241758 12:0.241758241758 21:0.032967032967 30:0.010989010989 31:0.0659340659341 32:0.021978021978 40:0.010989010989 41:0.0879120879121 42:0.0659340659341 51:0.010989010989 61:0.021978021978 62:0.043956043956
Group 1: 10:0.0196078431373 11:0.0490196078431 12:0.0686274509804 20:0.0196078431373 21:0.0294117647059 31:0.28431372549 32:0.0196078431373 40:0.0392156862745 41:0.264705882353 42:0.156862745098 51:0.00980392156863 61:0.00980392156863 62:0.0294117647059
Group 2: 10:0.0405405405405 11:0.0540540540541 12:0.0810810810811 20:0.027027027027 21:0.0810810810811 30:0.027027027027 31:0.608108108108 32:0.027027027027 41:0.027027027027 61:0.0135135135135 62:0.0135135135135
Group 3: 20:0.0196078431373 42:0.0392156862745 61:0.490196078431 62:0.450980392157 63:0.0588235294118
Group 4: 10:0.0379746835443 11:0.0759493670886 12:0.0253164556962 20:0.0379746835443 21:0.101265822785 30:0.0126582278481 31:0.329113924051 32:0.379746835443 41:0.0506329113924 42:0.0253164556962
Group 5: 10:0.0591715976331 11:0.12426035503 12:0.0710059171598 20:0.0236686390533 21:0.136094674556 30:0.0295857988166 31:0.177514792899 32:0.118343195266 40:0.0295857988166 41:0.0769230769231 42:0.0295857988166 50:0.0118343195266 51:0.0355029585799 61:0.0177514792899 62:0.0414201183432 63:0.0118343195266
Group 6: 11:0.0333333333333 20:0.0333333333333 21:0.733333333333 41:0.0666666666667 42:0.1 62:0.0333333333333
Group 7: 11:0.0434782608696 12:0.0217391304348 20:0.108695652174 21:0.760869565217 31:0.0217391304348 62:0.0434782608696
Group 8: 12:0.0833333333333 32:0.0208333333333 42:0.0208333333333 61:0.354166666667 62:0.5625 63:0.0208333333333
Group 9: 10:0.102040816327 11:0.102040816327 21:0.326530612245 30:0.0612244897959 31:0.0612244897959 32:0.102040816327 41:0.0816326530612 42:0.0612244897959 51:0.0204081632653 62:0.122448979592
Group 10: 10:0.0724637681159 11:0.231884057971 12:0.130434782609 20:0.0434782608696 21:0.144927536232 31:0.159420289855 32:0.0144927536232 40:0.0144927536232 41:0.0579710144928 42:0.130434782609 62:0.0434782608696
Group 11: 10:0.00763358778626 12:0.0916030534351 20:0.00763358778626 31:0.0152671755725 32:0.0534351145038 41:0.0458015267176 42:0.0534351145038 51:0.534351145038 62:0.0229007633588 63:0.00763358778626
Group 12: 10:0.0322580645161 11:0.0645161290323 12:0.129032258065 20:0.0645161290323 21:0.516129032258 31:0.0967741935484 32:0.0322580645161 40:0.0322580645161 42:0.0322580645161
Group 13: 10:0.0339805825243 11:0.0728155339806 12:0.0631067961165 20:0.0291262135922 21:0.0679611650485 30:0.0194174757282 31:0.208737864078 32:0.242718446602 40:0.00970873786408 41:0.0679611650485 42:0.0242718446602 50:0.00970873786408 51:0.0631067961165 61:0.0145631067961 62:0.0533980582524 63:0.00485436893204
Group 14: 11:0.010989010989 21:0.0549450549451 41:0.0659340659341 42:0.0549450549451 61:0.164835164835 62:0.527472527473 63:0.208791208791
Group 15: 10:0.128571428571 11:0.328571428571 12:0.2 21:0.0857142857143 30:0.0142857142857 31:0.1 32:0.0142857142857 40:0.0142857142857 41:0.1 42:0.0428571428571
Round 2
Group 0: 10:0.245098039216 11:0.235294117647 12:0.382352941176 30:0.00980392156863 31:0.0392156862745 32:0.0196078431373 40:0.00980392156863 41:0.078431372549 42:0.0196078431373 61:0.00980392156863
Group 1: 10:0.030303030303 11:0.0505050505051 12:0.030303030303 20:0.010101010101 21:0.020202020202 31:0.151515151515 32:0.020202020202 40:0.0606060606061 41:0.333333333333 42:0.292929292929
Group 2: 10:0.015037593985 11:0.0526315789474 12:0.0451127819549 20:0.00751879699248 21:0.0526315789474 30:0.0451127819549 31:0.736842105263 32:0.015037593985 41:0.015037593985 61:0.00751879699248 62:0.00751879699248
Group 3: 20:0.0116279069767 21:0.0116279069767 42:0.0116279069767 51:0.0116279069767 61:0.395348837209 62:0.5 63:0.0813953488372
Group 4: 10:0.0454545454545 11:0.0681818181818 20:0.0340909090909 21:0.102272727273 30:0.0113636363636 31:0.284090909091 32:0.454545454545 41:0.0454545454545 42:0.0227272727273
Group 5: 10:0.0769230769231 11:0.120879120879 12:0.10989010989 20:0.032967032967 21:0.0989010989011 30:0.043956043956 31:0.142857142857 32:0.131868131868 40:0.021978021978 41:0.131868131868 42:0.021978021978 50:0.010989010989 51:0.010989010989 62:0.032967032967
Group 6: 11:0.0615384615385 20:0.0461538461538 21:0.753846153846 31:0.0307692307692 41:0.0307692307692 42:0.0769230769231 62:0.0153846153846
Group 7: 11:0.0377358490566 12:0.0188679245283 20:0.11320754717 21:0.77358490566 31:0.0188679245283 62:0.0377358490566
Group 8: 12:0.0597014925373 32:0.0149253731343 42:0.0149253731343 61:0.313432835821 62:0.641791044776 63:0.0149253731343
Group 9: 10:0.136363636364 11:0.113636363636 21:0.227272727273 30:0.0681818181818 31:0.0454545454545 32:0.113636363636 40:0.0227272727273 41:0.113636363636 42:0.0681818181818 62:0.136363636364
Group 10: 10:0.0579710144928 11:0.260869565217 12:0.101449275362 20:0.0434782608696 21:0.115942028986 31:0.159420289855 32:0.0289855072464 40:0.0144927536232 41:0.0579710144928 42:0.144927536232 62:0.0434782608696
Group 11: 10:0.00675675675676 11:0.00675675675676 12:0.0743243243243 20:0.0135135135135 31:0.0202702702703 32:0.0608108108108 41:0.0405405405405 42:0.0405405405405 50:0.0135135135135 51:0.594594594595 63:0.00675675675676
Group 12: 10:0.025 11:0.05 12:0.1 20:0.05 21:0.55 31:0.15 32:0.025 40:0.025 42:0.025
Group 13: 10:0.0283018867925 11:0.0849056603774 12:0.0566037735849 20:0.0471698113208 21:0.0283018867925 30:0.0188679245283 31:0.141509433962 32:0.415094339623 40:0.0188679245283 41:0.0849056603774 42:0.0188679245283 50:0.00943396226415 51:0.0188679245283
Group 14: 11:0.0142857142857 21:0.0285714285714 41:0.0857142857143 42:0.0285714285714 61:0.142857142857 62:0.528571428571 63:0.257142857143
Group 15: 10:0.118421052632 11:0.368421052632 12:0.197368421053 21:0.0526315789474 31:0.144736842105 32:0.0263157894737 40:0.0131578947368 41:0.0789473684211 42:0.0263157894737
Round 3
Group 0: 10:0.234234234234 11:0.234234234234 12:0.45045045045 20:0.00900900900901 30:0.00900900900901 31:0.018018018018 32:0.018018018018 40:0.00900900900901 41:0.0540540540541 42:0.00900900900901
Group 1: 10:0.0252100840336 11:0.0420168067227 12:0.0252100840336 21:0.0168067226891 31:0.100840336134 32:0.0168067226891 40:0.0504201680672 41:0.344537815126 42:0.378151260504
Group 2: 10:0.00740740740741 11:0.037037037037 12:0.0148148148148 20:0.00740740740741 21:0.0592592592593 30:0.0518518518519 31:0.814814814815 32:0.00740740740741 62:0.00740740740741
Group 3: 20:0.0117647058824 21:0.0117647058824 42:0.0117647058824 51:0.0117647058824 61:0.4 62:0.494117647059 63:0.0823529411765
Group 4: 10:0.0470588235294 11:0.0588235294118 20:0.0352941176471 21:0.0941176470588 31:0.282352941176 32:0.482352941176 41:0.0470588235294 42:0.0117647058824
Group 5: 10:0.0833333333333 11:0.130952380952 12:0.119047619048 20:0.0357142857143 21:0.0833333333333 30:0.0357142857143 31:0.154761904762 32:0.107142857143 40:0.0238095238095 41:0.130952380952 42:0.0238095238095 50:0.0119047619048 51:0.0119047619048 62:0.0357142857143
Group 6: 11:0.078125 20:0.046875 21:0.765625 31:0.03125 41:0.03125 42:0.046875 62:0.015625
Group 7: 11:0.0384615384615 12:0.0192307692308 20:0.115384615385 21:0.769230769231 31:0.0192307692308 62:0.0384615384615
Group 8: 12:0.0441176470588 32:0.0147058823529 61:0.338235294118 62:0.661764705882 63:0.0147058823529
Group 9: 10:0.162790697674 11:0.116279069767 21:0.186046511628 30:0.0697674418605 31:0.046511627907 32:0.116279069767 40:0.0232558139535 41:0.116279069767 42:0.0697674418605 62:0.139534883721
Group 10: 10:0.0677966101695 11:0.305084745763 12:0.0847457627119 20:0.0508474576271 21:0.118644067797 31:0.135593220339 32:0.0338983050847 40:0.0169491525424 41:0.0677966101695 42:0.101694915254 62:0.0508474576271
Group 11: 10:0.00735294117647 11:0.00735294117647 12:0.0588235294118 20:0.0147058823529 31:0.0220588235294 32:0.0514705882353 41:0.0294117647059 42:0.00735294117647 50:0.0147058823529 51:0.647058823529 63:0.00735294117647
Group 12: 10:0.0212765957447 11:0.0425531914894 12:0.0851063829787 20:0.0425531914894 21:0.595744680851 31:0.127659574468 32:0.0425531914894 40:0.0212765957447 42:0.0212765957447
Group 13: 10:0.0265486725664 11:0.0796460176991 12:0.0619469026549 20:0.0442477876106 21:0.0353982300885 30:0.0265486725664 31:0.12389380531 32:0.433628318584 40:0.0176991150442 41:0.0796460176991 42:0.0176991150442 50:0.00884955752212 51:0.0176991150442
Group 14: 11:0.0144927536232 21:0.0289855072464 41:0.0869565217391 42:0.0144927536232 61:0.144927536232 62:0.521739130435 63:0.260869565217
Group 15: 10:0.119402985075 11:0.417910447761 12:0.194029850746 21:0.044776119403 31:0.134328358209 32:0.0149253731343 40:0.0149253731343 41:0.0746268656716 42:0.0149253731343
Round 4
Group 0: 10:0.238938053097 11:0.247787610619 12:0.451327433628 20:0.00884955752212 30:0.00884955752212 31:0.0176991150442 32:0.0176991150442 40:0.00884955752212 41:0.0530973451327
Group 1: 10:0.0169491525424 11:0.0254237288136 12:0.0254237288136 20:0.00847457627119 21:0.00847457627119 31:0.0423728813559 32:0.0169491525424 40:0.0508474576271 41:0.364406779661 42:0.440677966102
Group 2: 10:0.00699300699301 11:0.027972027972 12:0.00699300699301 20:0.00699300699301 21:0.0699300699301 30:0.048951048951 31:0.825174825175 32:0.00699300699301 62:0.00699300699301
Group 3: 20:0.0119047619048 21:0.0119047619048 51:0.0119047619048 61:0.416666666667 62:0.488095238095 63:0.0833333333333
Group 4: 10:0.0487804878049 11:0.0487804878049 20:0.0365853658537 21:0.0853658536585 31:0.280487804878 32:0.5 41:0.0487804878049 42:0.0121951219512
Group 5: 10:0.0823529411765 11:0.141176470588 12:0.117647058824 20:0.0352941176471 21:0.0823529411765 30:0.0352941176471 31:0.152941176471 32:0.105882352941 40:0.0235294117647 41:0.129411764706 42:0.0235294117647 50:0.0117647058824 51:0.0117647058824 62:0.0352941176471
Group 6: 11:0.0952380952381 20:0.047619047619 21:0.746031746032 31:0.047619047619 41:0.047619047619 42:0.031746031746
Group 7: 11:0.0384615384615 12:0.0192307692308 20:0.115384615385 21:0.769230769231 31:0.0192307692308 62:0.0384615384615
Group 8: 12:0.0428571428571 32:0.0142857142857 61:0.328571428571 62:0.671428571429 63:0.0142857142857
Group 9: 10:0.175 11:0.125 21:0.15 30:0.075 31:0.05 32:0.125 40:0.025 41:0.125 42:0.05 62:0.15
Group 10: 10:0.0555555555556 11:0.314814814815 12:0.0925925925926 20:0.037037037037 21:0.12962962963 31:0.12962962963 32:0.037037037037 40:0.0185185185185 41:0.0740740740741 42:0.0740740740741 62:0.0555555555556
Group 11: 10:0.00729927007299 11:0.00729927007299 12:0.0656934306569 20:0.014598540146 31:0.021897810219 32:0.0510948905109 41:0.029197080292 42:0.00729927007299 50:0.014598540146 51:0.642335766423 63:0.00729927007299
Group 12: 10:0.0196078431373 11:0.0392156862745 12:0.078431372549 20:0.0392156862745 21:0.627450980392 31:0.117647058824 32:0.0392156862745 40:0.0196078431373 42:0.0196078431373
Group 13: 10:0.0275229357798 11:0.0825688073394 12:0.0550458715596 20:0.045871559633 21:0.0366972477064 30:0.0275229357798 31:0.119266055046 32:0.449541284404 40:0.0183486238532 41:0.0733944954128 42:0.00917431192661 50:0.00917431192661 51:0.0183486238532
Group 14: 11:0.0151515151515 21:0.030303030303 41:0.0606060606061 42:0.0151515151515 61:0.136363636364 62:0.545454545455 63:0.272727272727
Group 15: 10:0.128571428571 11:0.414285714286 12:0.185714285714 21:0.0428571428571 31:0.142857142857 32:0.0142857142857 40:0.0142857142857 41:0.0714285714286 42:0.0142857142857
Round 5
Group 0: 10:0.245454545455 11:0.245454545455 12:0.463636363636 20:0.00909090909091 30:0.00909090909091 31:0.0181818181818 32:0.0181818181818 40:0.00909090909091 41:0.0363636363636
Group 1: 10:0.0168067226891 11:0.0252100840336 12:0.0252100840336 20:0.00840336134454 31:0.0336134453782 32:0.0168067226891 40:0.0420168067227 41:0.386554621849 42:0.445378151261
Group 2: 10:0.00699300699301 11:0.020979020979 12:0.00699300699301 20:0.00699300699301 21:0.0699300699301 30:0.048951048951 31:0.832167832168 32:0.00699300699301 62:0.00699300699301
Group 3: 20:0.0116279069767 21:0.0116279069767 51:0.0116279069767 61:0.406976744186 62:0.476744186047 63:0.104651162791
Group 4: 10:0.0481927710843 11:0.0481927710843 20:0.0361445783133 21:0.0843373493976 31:0.289156626506 32:0.493975903614 41:0.0481927710843 42:0.0120481927711
Group 5: 10:0.0833333333333 11:0.142857142857 12:0.119047619048 20:0.0357142857143 21:0.0833333333333 30:0.0357142857143 31:0.142857142857 32:0.107142857143 40:0.0238095238095 41:0.130952380952 42:0.0238095238095 50:0.0119047619048 51:0.0119047619048 62:0.0357142857143
Group 6: 11:0.0952380952381 20:0.047619047619 21:0.746031746032 31:0.047619047619 41:0.047619047619 42:0.031746031746
Group 7: 11:0.0384615384615 12:0.0192307692308 20:0.115384615385 21:0.769230769231 31:0.0192307692308 62:0.0384615384615
Group 8: 12:0.0434782608696 32:0.0144927536232 61:0.333333333333 62:0.68115942029
Group 9: 10:0.170731707317 11:0.121951219512 21:0.146341463415 30:0.0731707317073 31:0.0487804878049 32:0.121951219512 40:0.0487804878049 41:0.121951219512 42:0.0487804878049 62:0.146341463415
Group 10: 10:0.0555555555556 11:0.333333333333 12:0.0925925925926 20:0.037037037037 21:0.12962962963 31:0.12962962963 32:0.037037037037 40:0.0185185185185 41:0.0740740740741 42:0.0555555555556 62:0.0555555555556
Group 11: 10:0.00729927007299 11:0.00729927007299 12:0.0656934306569 20:0.014598540146 31:0.021897810219 32:0.0510948905109 41:0.029197080292 42:0.00729927007299 50:0.014598540146 51:0.642335766423 63:0.00729927007299
Group 12: 10:0.0188679245283 11:0.0377358490566 12:0.0754716981132 20:0.0377358490566 21:0.641509433962 31:0.11320754717 32:0.0377358490566 40:0.0188679245283 42:0.0188679245283
Group 13: 10:0.0277777777778 11:0.0833333333333 12:0.0555555555556 20:0.0462962962963 21:0.0277777777778 30:0.0277777777778 31:0.12037037037 32:0.453703703704 40:0.0185185185185 41:0.0740740740741 42:0.00925925925926 50:0.00925925925926 51:0.0185185185185
Group 14: 11:0.015625 21:0.03125 41:0.046875 42:0.015625 61:0.140625 62:0.5625 63:0.265625
Group 15: 10:0.12676056338 11:0.422535211268 12:0.183098591549 21:0.0422535211268 31:0.140845070423 32:0.0140845070423 40:0.0140845070423 41:0.0704225352113 42:0.0140845070423
Round 6
Group 0: 10:0.245454545455 11:0.245454545455 12:0.463636363636 20:0.00909090909091 30:0.00909090909091 31:0.0181818181818 32:0.0181818181818 40:0.00909090909091 41:0.0363636363636
Group 1: 10:0.0166666666667 11:0.025 12:0.025 20:0.00833333333333 31:0.0333333333333 32:0.0166666666667 40:0.0416666666667 41:0.391666666667 42:0.441666666667
Group 2: 10:0.00699300699301 11:0.020979020979 12:0.00699300699301 20:0.00699300699301 21:0.0699300699301 30:0.048951048951 31:0.832167832168 32:0.00699300699301 62:0.00699300699301
Group 3: 20:0.0116279069767 21:0.0116279069767 51:0.0116279069767 61:0.406976744186 62:0.476744186047 63:0.104651162791
Group 4: 10:0.0481927710843 11:0.0481927710843 20:0.0361445783133 21:0.0843373493976 31:0.289156626506 32:0.493975903614 41:0.0481927710843 42:0.0120481927711
Group 5: 10:0.0833333333333 11:0.142857142857 12:0.119047619048 20:0.0357142857143 21:0.0833333333333 30:0.0357142857143 31:0.142857142857 32:0.107142857143 40:0.0238095238095 41:0.130952380952 42:0.0238095238095 50:0.0119047619048 51:0.0119047619048 62:0.0357142857143
Group 6: 11:0.0952380952381 20:0.047619047619 21:0.746031746032 31:0.047619047619 41:0.047619047619 42:0.031746031746
Group 7: 11:0.0384615384615 12:0.0192307692308 20:0.115384615385 21:0.769230769231 31:0.0192307692308 62:0.0384615384615
Group 8: 12:0.0434782608696 32:0.0144927536232 61:0.333333333333 62:0.68115942029
Group 9: 10:0.170731707317 11:0.121951219512 21:0.146341463415 30:0.0731707317073 31:0.0487804878049 32:0.121951219512 40:0.0487804878049 41:0.121951219512 42:0.0487804878049 62:0.146341463415
Group 10: 10:0.0555555555556 11:0.333333333333 12:0.0925925925926 20:0.037037037037 21:0.12962962963 31:0.12962962963 32:0.037037037037 40:0.0185185185185 41:0.0740740740741 42:0.0555555555556 62:0.0555555555556
Group 11: 10:0.00735294117647 11:0.00735294117647 12:0.0661764705882 20:0.0147058823529 31:0.0220588235294 32:0.0514705882353 41:0.0220588235294 42:0.00735294117647 50:0.0147058823529 51:0.647058823529 63:0.00735294117647
Group 12: 10:0.0188679245283 11:0.0377358490566 12:0.0754716981132 20:0.0377358490566 21:0.641509433962 31:0.11320754717 32:0.0377358490566 40:0.0188679245283 42:0.0188679245283
Group 13: 10:0.0277777777778 11:0.0833333333333 12:0.0555555555556 20:0.0462962962963 21:0.0277777777778 30:0.0277777777778 31:0.12037037037 32:0.453703703704 40:0.0185185185185 41:0.0740740740741 42:0.00925925925926 50:0.00925925925926 51:0.0185185185185
Group 14: 11:0.015625 21:0.03125 41:0.046875 42:0.015625 61:0.140625 62:0.5625 63:0.265625
Group 15: 10:0.12676056338 11:0.422535211268 12:0.183098591549 21:0.0422535211268 31:0.140845070423 32:0.0140845070423 40:0.0140845070423 41:0.0704225352113 42:0.0140845070423
Round 7
Group 0: 10:0.245454545455 11:0.245454545455 12:0.463636363636 20:0.00909090909091 30:0.00909090909091 31:0.0181818181818 32:0.0181818181818 40:0.00909090909091 41:0.0363636363636
Group 1: 10:0.0166666666667 11:0.025 12:0.025 20:0.00833333333333 31:0.0333333333333 32:0.0166666666667 40:0.0416666666667 41:0.391666666667 42:0.441666666667
Group 2: 10:0.00699300699301 11:0.020979020979 12:0.00699300699301 20:0.00699300699301 21:0.0699300699301 30:0.048951048951 31:0.832167832168 32:0.00699300699301 62:0.00699300699301
Group 3: 20:0.0116279069767 21:0.0116279069767 51:0.0116279069767 61:0.406976744186 62:0.476744186047 63:0.104651162791
Group 4: 10:0.0481927710843 11:0.0481927710843 20:0.0361445783133 21:0.0843373493976 31:0.289156626506 32:0.493975903614 41:0.0481927710843 42:0.0120481927711
Group 5: 10:0.0833333333333 11:0.142857142857 12:0.119047619048 20:0.0357142857143 21:0.0833333333333 30:0.0357142857143 31:0.142857142857 32:0.107142857143 40:0.0238095238095 41:0.130952380952 42:0.0238095238095 50:0.0119047619048 51:0.0119047619048 62:0.0357142857143
Group 6: 11:0.0952380952381 20:0.047619047619 21:0.746031746032 31:0.047619047619 41:0.047619047619 42:0.031746031746
Group 7: 11:0.0384615384615 12:0.0192307692308 20:0.115384615385 21:0.769230769231 31:0.0192307692308 62:0.0384615384615
Group 8: 12:0.0434782608696 32:0.0144927536232 61:0.333333333333 62:0.68115942029
Group 9: 10:0.170731707317 11:0.121951219512 21:0.146341463415 30:0.0731707317073 31:0.0487804878049 32:0.121951219512 40:0.0487804878049 41:0.121951219512 42:0.0487804878049 62:0.146341463415
Group 10: 10:0.0555555555556 11:0.333333333333 12:0.0925925925926 20:0.037037037037 21:0.12962962963 31:0.12962962963 32:0.037037037037 40:0.0185185185185 41:0.0740740740741 42:0.0555555555556 62:0.0555555555556
Group 11: 10:0.00735294117647 11:0.00735294117647 12:0.0661764705882 20:0.0147058823529 31:0.0220588235294 32:0.0514705882353 41:0.0220588235294 42:0.00735294117647 50:0.0147058823529 51:0.647058823529 63:0.00735294117647
Group 12: 10:0.0188679245283 11:0.0377358490566 12:0.0754716981132 20:0.0377358490566 21:0.641509433962 31:0.11320754717 32:0.0377358490566 40:0.0188679245283 42:0.0188679245283
Group 13: 10:0.0277777777778 11:0.0833333333333 12:0.0555555555556 20:0.0462962962963 21:0.0277777777778 30:0.0277777777778 31:0.12037037037 32:0.453703703704 40:0.0185185185185 41:0.0740740740741 42:0.00925925925926 50:0.00925925925926 51:0.0185185185185
Group 14: 11:0.015625 21:0.03125 41:0.046875 42:0.015625 61:0.140625 62:0.5625 63:0.265625
Group 15: 10:0.12676056338 11:0.422535211268 12:0.183098591549 21:0.0422535211268 31:0.140845070423 32:0.0140845070423 40:0.0140845070423 41:0.0704225352113 42:0.0140845070423
