Round 1
Group 0: 10:0.105263157895 11:0.394736842105 12:0.0592105263158 20:0.0263157894737 21:0.0789473684211 30:0.0197368421053 31:0.217105263158 32:0.0855263157895 41:0.0197368421053 42:0.00657894736842 51:0.0131578947368 61:0.00657894736842 62:0.0131578947368 63:0.00657894736842
Group 1: 10:0.0238726790451 11:0.0636604774536 12:0.0848806366048 20:0.0212201591512 21:0.0769230769231 30:0.0132625994695 31:0.0583554376658 32:0.0981432360743 40:0.0106100795756 41:0.0716180371353 42:0.0053050397878 50:0.0053050397878 51:0.214854111406 61:0.0848806366048 62:0.116710875332 63:0.0185676392573
Group 2: 10:0.0543933054393 11:0.0794979079498 12:0.0543933054393 20:0.0167364016736 21:0.117154811715 30:0.0209205020921 31:0.560669456067 32:0.092050209205 41:0.00418410041841 51:0.00418410041841 61:0.00418410041841 62:0.00418410041841 63:0.00836820083682
Group 3: 10:0.0700636942675 11:0.0382165605096 12:0.0955414012739 20:0.0573248407643 21:0.471337579618 30:0.0127388535032 31:0.0509554140127 32:0.0891719745223 41:0.00636942675159 50:0.00636942675159 61:0.0382165605096 62:0.0573248407643 63:0.0191082802548
Group 4: 10:0.0322580645161 11:0.0138248847926 12:0.147465437788 20:0.00460829493088 21:0.0276497695853 30:0.00460829493088 31:0.0230414746544 32:0.124423963134 40:0.00460829493088 41:0.115207373272 42:0.00460829493088 50:0.00460829493088 51:0.0276497695853 61:0.101382488479 62:0.350230414747 63:0.0599078341014
Group 5: 10:0.0461538461538 11:0.0564102564103 12:0.025641025641 20:0.0205128205128 21:0.0923076923077 30:0.00512820512821 31:0.0205128205128 32:0.0461538461538 40:0.0512820512821 41:0.205128205128 42:0.328205128205 51:0.0102564102564 61:0.025641025641 62:0.0358974358974 63:0.00512820512821
Round 2
Group 0: 10:0.135294117647 11:0.417647058824 12:0.0764705882353 20:0.0176470588235 21:0.0823529411765 30:0.0176470588235 31:0.182352941176 32:0.0882352941176 41:0.0176470588235 42:0.00588235294118 62:0.0117647058824
Group 1: 10:0.021897810219 11:0.0401459854015 12:0.105839416058 20:0.014598540146 21:0.0547445255474 30:0.014598540146 31:0.043795620438 32:0.127737226277 40:0.014598540146 41:0.036496350365 50:0.0109489051095 51:0.313868613139 61:0.0656934306569 62:0.0620437956204 63:0.0036496350365
Group 2: 10:0.0449438202247 11:0.0711610486891 12:0.0411985018727 20:0.0262172284644 21:0.116104868914 30:0.0224719101124 31:0.588014981273 32:0.0973782771536 41:0.00374531835206 51:0.00374531835206 63:0.00749063670412
Group 3: 10:0.0674846625767 11:0.0245398773006 12:0.0858895705521 20:0.0613496932515 21:0.546012269939 30:0.0122699386503 31:0.0184049079755 32:0.0858895705521 41:0.00613496932515 61:0.0306748466258 62:0.0490797546012 63:0.0184049079755
Group 4: 10:0.020325203252 11:0.0121951219512 12:0.121951219512 21:0.020325203252 31:0.00406504065041 32:0.0975609756098 40:0.00406504065041 41:0.0650406504065 42:0.00406504065041 50:0.00406504065041 51:0.0162601626016 61:0.162601626016 62:0.439024390244 63:0.0853658536585
Group 5: 10:0.036866359447 11:0.0691244239631 12:0.0414746543779 20:0.0276497695853 21:0.0599078341014 30:0.00921658986175 31:0.00921658986175 32:0.036866359447 40:0.0460829493088 41:0.304147465438 42:0.304147465438 51:0.00460829493088 61:0.0184331797235 62:0.0184331797235
Round 3
Group 0: 10:0.17816091954 11:0.442528735632 12:0.103448275862 20:0.0172413793103 21:0.0632183908046 30:0.0172413793103 31:0.155172413793 32:0.0632183908046 41:0.0172413793103 62:0.00574712643678
Group 1: 10:0.0183823529412 11:0.0441176470588 12:0.113970588235 20:0.0147058823529 21:0.0625 30:0.0147058823529 31:0.0477941176471 32:0.176470588235 40:0.0110294117647 41:0.0294117647059 50:0.0110294117647 51:0.327205882353 61:0.0257352941176 62:0.0404411764706
Group 2: 10:0.0408921933086 11:0.0594795539033 12:0.0297397769517 20:0.0260223048327 21:0.122676579926 30:0.0223048327138 31:0.598513011152 32:0.111524163569 51:0.00371747211896 63:0.00371747211896
Group 3: 10:0.0625 11:0.01875 12:0.09375 20:0.0625 21:0.58125 30:0.0125 31:0.01875 32:0.06875 41:0.00625 61:0.03125 62:0.04375 63:0.00625
Group 4: 10:0.00418410041841 11:0.00418410041841 12:0.0962343096234 21:0.00836820083682 31:0.00418410041841 32:0.0627615062762 40:0.00418410041841 41:0.0418410041841 42:0.00418410041841 50:0.00418410041841 51:0.00836820083682 61:0.217573221757 62:0.497907949791 63:0.10460251046
Group 5: 10:0.0313901345291 11:0.0627802690583 12:0.0493273542601 20:0.0269058295964 21:0.0493273542601 30:0.00896860986547 31:0.00448430493274 32:0.0313901345291 40:0.0493273542601 41:0.336322869955 42:0.300448430493 61:0.0134529147982 62:0.00448430493274
Round 4
Group 0: 10:0.185185185185 11:0.433862433862 12:0.137566137566 20:0.015873015873 21:0.0582010582011 30:0.015873015873 31:0.137566137566 32:0.0529100529101 40:0.00529100529101 41:0.010582010582 62:0.00529100529101
Group 1: 10:0.017667844523 11:0.0353356890459 12:0.134275618375 20:0.017667844523 21:0.0565371024735 30:0.0141342756184 31:0.0530035335689 32:0.219081272085 40:0.0106007067138 41:0.0282685512367 50:0.0106007067138 51:0.318021201413 61:0.00706713780919 62:0.017667844523
Group 2: 10:0.031007751938 11:0.0581395348837 12:0.0271317829457 20:0.0271317829457 21:0.116279069767 30:0.0232558139535 31:0.624031007752 32:0.112403100775
Group 3: 10:0.0645161290323 11:0.0129032258065 12:0.0903225806452 20:0.0645161290323 21:0.632258064516 30:0.0129032258065 31:0.0129032258065 32:0.0516129032258 41:0.00645161290323 61:0.0258064516129 62:0.0258064516129 63:0.00645161290323
Group 4: 12:0.04329004329 21:0.004329004329 32:0.034632034632 41:0.038961038961 42:0.004329004329 50:0.004329004329 51:0.00865800865801 61:0.255411255411 62:0.558441558442 63:0.112554112554
Group 5: 10:0.0316742081448 11:0.0633484162896 12:0.0497737556561 20:0.0226244343891 21:0.0497737556561 30:0.00904977375566 31:0.00904977375566 32:0.0226244343891 40:0.0497737556561 41:0.348416289593 42:0.303167420814 61:0.00904977375566
Round 5
Group 0: 10:0.2 11:0.455555555556 12:0.166666666667 20:0.0111111111111 21:0.0444444444444 30:0.0111111111111 31:0.105555555556 32:0.0388888888889 40:0.00555555555556 41:0.0111111111111 62:0.00555555555556
Group 1: 10:0.0166112956811 11:0.0365448504983 12:0.129568106312 20:0.0166112956811 21:0.0531561461794 30:0.0132890365449 31:0.0531561461794 32:0.262458471761 40:0.00996677740864 41:0.0232558139535 50:0.00996677740864 51:0.299003322259 61:0.00664451827243 62:0.0132890365449
Group 2: 10:0.0272373540856 11:0.0583657587549 12:0.0233463035019 20:0.0272373540856 21:0.11673151751 30:0.0272373540856 31:0.649805447471 32:0.0933852140078
Group 3: 10:0.0636942675159 11:0.0127388535032 12:0.0891719745223 20:0.0700636942675 21:0.643312101911 30:0.0127388535032 31:0.0127388535032 32:0.0382165605096 41:0.00636942675159 61:0.0254777070064 62:0.0254777070064 63:0.00636942675159
Group 4: 12:0.0315315315315 21:0.0045045045045 32:0.00900900900901 41:0.036036036036 42:0.0045045045045 50:0.0045045045045 51:0.00900900900901 61:0.265765765766 62:0.585585585586 63:0.117117117117
Group 5: 10:0.0318181818182 11:0.0590909090909 12:0.0454545454545 20:0.0227272727273 21:0.05 30:0.00909090909091 31:0.00909090909091 32:0.0181818181818 40:0.05 41:0.359090909091 42:0.304545454545 61:0.00909090909091
Round 6
Group 0: 10:0.2 11:0.448648648649 12:0.189189189189 20:0.0216216216216 21:0.027027027027 30:0.0108108108108 31:0.0972972972973 32:0.0378378378378 40:0.00540540540541 41:0.0108108108108 62:0.00540540540541
Group 1: 10:0.016339869281 11:0.0359477124183 12:0.117647058824 20:0.016339869281 21:0.0490196078431 30:0.0130718954248 31:0.0522875816993 32:0.294117647059 40:0.00980392156863 41:0.0196078431373 50:0.00980392156863 51:0.294117647059 62:0.0130718954248 63:0.00326797385621
Group 2: 10:0.028 11:0.056 12:0.024 20:0.02 21:0.128 30:0.028 31:0.672 32:0.068
Group 3: 10:0.06 11:0.0133333333333 12:0.08 20:0.0733333333333 21:0.68 30:0.0133333333333 31:0.0133333333333 32:0.02 41:0.00666666666667 61:0.02 62:0.0266666666667
Group 4: 12:0.027027027027 21:0.0045045045045 32:0.0045045045045 41:0.0315315315315 42:0.0045045045045 50:0.0045045045045 51:0.00900900900901 61:0.279279279279 62:0.585585585586 63:0.117117117117
Group 5: 10:0.03125 11:0.0580357142857 12:0.0491071428571 20:0.0223214285714 21:0.0535714285714 30:0.00892857142857 31:0.00892857142857 32:0.0178571428571 40:0.0491071428571 41:0.361607142857 42:0.299107142857 61:0.00892857142857
Round 7
Group 0: 10:0.189473684211 11:0.431578947368 12:0.226315789474 20:0.0210526315789 21:0.0210526315789 30:0.0105263157895 31:0.0947368421053 32:0.0368421052632 40:0.00526315789474 41:0.00526315789474 62:0.00526315789474
Group 1: 10:0.02 11:0.0366666666667 12:0.1 20:0.0166666666667 21:0.0466666666667 30:0.0133333333333 31:0.0533333333333 32:0.303333333333 40:0.01 41:0.0166666666667 50:0.01 51:0.3 62:0.0133333333333 63:0.00333333333333
Group 2: 10:0.0281124497992 11:0.0562248995984 12:0.0240963855422 20:0.0200803212851 21:0.128514056225 30:0.0281124497992 31:0.674698795181 32:0.0642570281124
Group 3: 10:0.0540540540541 11:0.0135135135135 12:0.0675675675676 20:0.0743243243243 21:0.702702702703 30:0.0135135135135 31:0.0135135135135 32:0.0202702702703 41:0.00675675675676 61:0.0135135135135 62:0.027027027027
Group 4: 12:0.027027027027 21:0.0045045045045 32:0.0045045045045 41:0.0225225225225 42:0.0045045045045 50:0.0045045045045 51:0.00900900900901 61:0.288288288288 62:0.585585585586 63:0.117117117117
Group 5: 10:0.0350877192982 11:0.0614035087719 12:0.0482456140351 20:0.0219298245614 21:0.0526315789474 30:0.00877192982456 31:0.00877192982456 32:0.0175438596491 40:0.0482456140351 41:0.372807017544 42:0.293859649123 61:0.00438596491228
Round 8
Group 0: 10:0.189743589744 11:0.420512820513 12:0.25641025641 20:0.0205128205128 21:0.0153846153846 30:0.0102564102564 31:0.0820512820513 32:0.0358974358974 40:0.00512820512821 41:0.00512820512821 62:0.00512820512821
Group 1: 10:0.0201342281879 11:0.0369127516779 12:0.0838926174497 20:0.0167785234899 21:0.0469798657718 30:0.0134228187919 31:0.0570469798658 32:0.312080536913 40:0.010067114094 41:0.0167785234899 50:0.010067114094 51:0.302013422819 62:0.0134228187919 63:0.00335570469799
Group 2: 10:0.0282258064516 11:0.0564516129032 12:0.0241935483871 20:0.0201612903226 21:0.129032258065 30:0.0282258064516 31:0.681451612903 32:0.0564516129032
Group 3: 10:0.0479452054795 11:0.013698630137 12:0.0616438356164 20:0.0753424657534 21:0.712328767123 30:0.013698630137 31:0.013698630137 32:0.0205479452055 41:0.00684931506849 61:0.013698630137 62:0.027397260274
Group 4: 12:0.027027027027 21:0.0045045045045 32:0.0045045045045 41:0.0225225225225 42:0.0045045045045 50:0.0045045045045 51:0.00900900900901 61:0.288288288288 62:0.585585585586 63:0.117117117117
Group 5: 10:0.0350877192982 11:0.0614035087719 12:0.0438596491228 20:0.0219298245614 21:0.0570175438596 30:0.00877192982456 31:0.00877192982456 32:0.0175438596491 40:0.0482456140351 41:0.372807017544 42:0.293859649123 61:0.00438596491228
Round 9
Group 0: 10:0.190721649485 11:0.417525773196 12:0.268041237113 20:0.020618556701 21:0.0154639175258 30:0.0103092783505 31:0.0721649484536 32:0.0360824742268 40:0.00515463917526 41:0.00515463917526 62:0.00515463917526
Group 1: 10:0.02 11:0.0366666666667 12:0.0766666666667 20:0.0166666666667 21:0.0466666666667 30:0.0133333333333 31:0.0566666666667 32:0.323333333333 40:0.01 41:0.0166666666667 50:0.01 51:0.3 62:0.0133333333333 63:0.00333333333333
Group 2: 10:0.0283400809717 11:0.0607287449393 12:0.0242914979757 20:0.0202429149798 21:0.12955465587 30:0.0283400809717 31:0.692307692308 32:0.0404858299595
Group 3: 10:0.0479452054795 11:0.013698630137 12:0.0616438356164 20:0.0753424657534 21:0.712328767123 30:0.013698630137 31:0.013698630137 32:0.0205479452055 41:0.00684931506849 61:0.013698630137 62:0.027397260274
Group 4: 12:0.027027027027 21:0.0045045045045 32:0.0045045045045 41:0.0225225225225 42:0.0045045045045 50:0.0045045045045 51:0.00900900900901 61:0.288288288288 62:0.585585585586 63:0.117117117117
Group 5: 10:0.0350877192982 11:0.0614035087719 12:0.0438596491228 20:0.0219298245614 21:0.0570175438596 30:0.00877192982456 31:0.00877192982456 32:0.0175438596491 40:0.0482456140351 41:0.372807017544 42:0.293859649123 61:0.00438596491228
Round 10
Group 0: 10:0.189743589744 11:0.415384615385 12:0.271794871795 20:0.0205128205128 21:0.0153846153846 30:0.0102564102564 31:0.0717948717949 32:0.0358974358974 40:0.00512820512821 41:0.00512820512821 62:0.00512820512821
Group 1: 10:0.02 11:0.0366666666667 12:0.0733333333333 20:0.0166666666667 21:0.0466666666667 30:0.0133333333333 31:0.0566666666667 32:0.326666666667 40:0.01 41:0.0166666666667 50:0.01 51:0.3 62:0.0133333333333 63:0.00333333333333
Group 2: 10:0.0284552845528 11:0.0609756097561 12:0.0243902439024 20:0.020325203252 21:0.130081300813 30:0.0284552845528 31:0.69512195122 32:0.0365853658537
Group 3: 10:0.0479452054795 11:0.013698630137 12:0.0616438356164 20:0.0753424657534 21:0.712328767123 30:0.013698630137 31:0.013698630137 32:0.0205479452055 41:0.00684931506849 61:0.013698630137 62:0.027397260274
Group 4: 12:0.027027027027 21:0.0045045045045 32:0.0045045045045 41:0.0225225225225 42:0.0045045045045 50:0.0045045045045 51:0.00900900900901 61:0.288288288288 62:0.585585585586 63:0.117117117117
Group 5: 10:0.0350877192982 11:0.0614035087719 12:0.0438596491228 20:0.0219298245614 21:0.0570175438596 30:0.00877192982456 31:0.00877192982456 32:0.0175438596491 40:0.0482456140351 41:0.372807017544 42:0.293859649123 61:0.00438596491228
Round 11
Group 0: 10:0.188775510204 11:0.413265306122 12:0.275510204082 20:0.0204081632653 21:0.015306122449 30:0.0102040816327 31:0.0714285714286 32:0.0357142857143 40:0.00510204081633 41:0.00510204081633 62:0.00510204081633
Group 1: 10:0.0199335548173 11:0.0365448504983 12:0.0730897009967 20:0.0166112956811 21:0.046511627907 30:0.0132890365449 31:0.0564784053156 32:0.328903654485 40:0.00996677740864 41:0.0166112956811 50:0.00996677740864 51:0.299003322259 62:0.0132890365449 63:0.00332225913621
Group 2: 10:0.0286885245902 11:0.0614754098361 12:0.0204918032787 20:0.0204918032787 21:0.131147540984 30:0.0286885245902 31:0.700819672131 32:0.0327868852459
Group 3: 10:0.0479452054795 11:0.013698630137 12:0.0616438356164 20:0.0753424657534 21:0.712328767123 30:0.013698630137 31:0.013698630137 32:0.0205479452055 41:0.00684931506849 61:0.013698630137 62:0.027397260274
Group 4: 12:0.027027027027 21:0.0045045045045 32:0.0045045045045 41:0.0225225225225 42:0.0045045045045 50:0.0045045045045 51:0.00900900900901 61:0.288288288288 62:0.585585585586 63:0.117117117117
Group 5: 10:0.0350877192982 11:0.0614035087719 12:0.0438596491228 20:0.0219298245614 21:0.0570175438596 30:0.00877192982456 31:0.00877192982456 32:0.0175438596491 40:0.0482456140351 41:0.372807017544 42:0.293859649123 61:0.00438596491228
Round 12
Group 0: 10:0.188775510204 11:0.413265306122 12:0.275510204082 20:0.0204081632653 21:0.015306122449 30:0.0102040816327 31:0.0714285714286 32:0.0357142857143 40:0.00510204081633 41:0.00510204081633 62:0.00510204081633
Group 1: 10:0.0198675496689 11:0.0364238410596 12:0.0728476821192 20:0.0165562913907 21:0.0496688741722 30:0.0132450331126 31:0.0562913907285 32:0.327814569536 40:0.00993377483444 41:0.0165562913907 50:0.00993377483444 51:0.298013245033 62:0.0132450331126 63:0.00331125827815
Group 2: 10:0.0288065843621 11:0.0617283950617 12:0.0205761316872 20:0.0205761316872 21:0.127572016461 30:0.0288065843621 31:0.703703703704 32:0.0329218106996
Group 3: 10:0.0479452054795 11:0.013698630137 12:0.0616438356164 20:0.0753424657534 21:0.712328767123 30:0.013698630137 31:0.013698630137 32:0.0205479452055 41:0.00684931506849 61:0.013698630137 62:0.027397260274
Group 4: 12:0.027027027027 21:0.0045045045045 32:0.0045045045045 41:0.0225225225225 42:0.0045045045045 50:0.0045045045045 51:0.00900900900901 61:0.288288288288 62:0.585585585586 63:0.117117117117
Group 5: 10:0.0350877192982 11:0.0614035087719 12:0.0438596491228 20:0.0219298245614 21:0.0570175438596 30:0.00877192982456 31:0.00877192982456 32:0.0175438596491 40:0.0482456140351 41:0.372807017544 42:0.293859649123 61:0.00438596491228
Round 13
Group 0: 10:0.188775510204 11:0.413265306122 12:0.275510204082 20:0.0204081632653 21:0.015306122449 30:0.0102040816327 31:0.0714285714286 32:0.0357142857143 40:0.00510204081633 41:0.00510204081633 62:0.00510204081633
Group 1: 10:0.0198675496689 11:0.0364238410596 12:0.0728476821192 20:0.0165562913907 21:0.0496688741722 30:0.0132450331126 31:0.0562913907285 32:0.327814569536 40:0.00993377483444 41:0.0165562913907 50:0.00993377483444 51:0.298013245033 62:0.0132450331126 63:0.00331125827815
Group 2: 10:0.0288065843621 11:0.0617283950617 12:0.0205761316872 20:0.0205761316872 21:0.127572016461 30:0.0288065843621 31:0.703703703704 32:0.0329218106996
Group 3: 10:0.0479452054795 11:0.013698630137 12:0.0616438356164 20:0.0753424657534 21:0.712328767123 30:0.013698630137 31:0.013698630137 32:0.0205479452055 41:0.00684931506849 61:0.013698630137 62:0.027397260274
Group 4: 12:0.027027027027 21:0.0045045045045 32:0.0045045045045 41:0.0225225225225 42:0.0045045045045 50:0.0045045045045 51:0.00900900900901 61:0.288288288288 62:0.585585585586 63:0.117117117117
Group 5: 10:0.0350877192982 11:0.0614035087719 12:0.0438596491228 20:0.0219298245614 21:0.0570175438596 30:0.00877192982456 31:0.00877192982456 32:0.0175438596491 40:0.0482456140351 41:0.372807017544 42:0.293859649123 61:0.00438596491228
